app/build/intermediates/manifest_merge_blame_file/debug/manifest-merger-blame-debug-report.txt
1<?xml version="1.0" encoding="utf-8"?>
2<manifest xmlns:android="http://schemas.android.com/apk/res/android"
3    package="uni.bronzina.junglechessar"
4    android:versionCode="1"
5    android:versionName="1.0" >
6
7    <uses-sdk
8        android:minSdkVersion="24"
8-->src/main/AndroidManifest.xml
9        android:targetSdkVersion="28" />
9-->src/main/AndroidManifest.xml
10
11    <uses-permission android:name="android.permission.ACCESS_NETWORK_STATE" />
11-->src/main/AndroidManifest.xml:6:5-79
11-->src/main/AndroidManifest.xml:6:22-76
12    <uses-permission android:name="android.permission.CAMERA" />
12-->src/main/AndroidManifest.xml:7:5-65
12-->src/main/AndroidManifest.xml:7:22-62
13    <uses-permission android:name="android.permission.WRITE_EXTERNAL_STORAGE" />
13-->src/main/AndroidManifest.xml:8:5-81
13-->src/main/AndroidManifest.xml:8:22-78
14    <uses-permission android:name="android.permission.INTERNET" />
14-->src/main/AndroidManifest.xml:9:5-67
14-->src/main/AndroidManifest.xml:9:22-64
15
16    <uses-feature
16-->src/main/AndroidManifest.xml:11:5-13:35
17        android:name="android.hardware.camera.ar"
17-->src/main/AndroidManifest.xml:12:9-50
18        android:required="true" />
18-->src/main/AndroidManifest.xml:13:9-32
19
20    <queries>
20-->[com.google.ar:core:1.25.0] AndroidManifest.xml:29:5-31:15
21        <package android:name="com.google.ar.core" />
21-->[com.google.ar:core:1.25.0] AndroidManifest.xml:30:9-54
21-->[com.google.ar:core:1.25.0] AndroidManifest.xml:30:18-51
22    </queries>
23
24    <uses-permission android:name="android.permission.ACCESS_WIFI_STATE" /> <!-- Detect boot to invalidate TrueTime -->
24-->[com.github.instacart.truetime-android:library:3.4] AndroidManifest.xml:12:5-76
24-->[com.github.instacart.truetime-android:library:3.4] AndroidManifest.xml:12:22-73
25    <uses-permission android:name="android.permission.RECEIVE_BOOT_COMPLETED" />
25-->[com.github.instacart.truetime-android:library:3.4] AndroidManifest.xml:15:5-81
25-->[com.github.instacart.truetime-android:library:3.4] AndroidManifest.xml:15:22-78
26    <uses-permission android:name="android.permission.READ_PHONE_STATE" />
27    <uses-permission android:name="android.permission.READ_EXTERNAL_STORAGE" />
28
29    <application
29-->src/main/AndroidManifest.xml:15:5-69:19
30        android:allowBackup="true"
30-->src/main/AndroidManifest.xml:16:9-35
31        android:appComponentFactory="androidx.core.app.CoreComponentFactory"
31-->[androidx.core:core:1.5.0] AndroidManifest.xml:24:18-86
32        android:debuggable="true"
33        android:extractNativeLibs="false"
34        android:icon="@mipmap/logo"
34-->src/main/AndroidManifest.xml:17:9-36
35        android:label="@string/app_name"
35-->src/main/AndroidManifest.xml:18:9-41
36        android:largeHeap="true"
36-->src/main/AndroidManifest.xml:19:9-33
37        android:supportsRtl="true"
37-->src/main/AndroidManifest.xml:20:9-35
38        android:testOnly="true"
39        android:theme="@style/AppTheme"
39-->src/main/AndroidManifest.xml:21:9-40
40        android:usesCleartextTraffic="false" >
40-->src/main/AndroidManifest.xml:22:9-45
41        <meta-data
41-->src/main/AndroidManifest.xml:25:9-27:40
42            android:name="com.google.ar.core"
42-->src/main/AndroidManifest.xml:26:13-46
43            android:value="required" />
43-->src/main/AndroidManifest.xml:27:13-37
44        <meta-data
44-->src/main/AndroidManifest.xml:28:9-30:71
45            android:name="com.google.android.ar.API_KEY"
45-->src/main/AndroidManifest.xml:29:13-57
46            android:value="AIzaSyBTZpbAShzpvSC-pwUdVr-OFzHRwRiICqY" />
46-->src/main/AndroidManifest.xml:30:13-68
47
48        <activity
48-->src/main/AndroidManifest.xml:31:9-42:20
49            android:name="uni.bronzina.junglechessar.MainActivity"
49-->src/main/AndroidManifest.xml:32:13-41
50            android:configChanges="orientation|keyboardHidden"
50-->src/main/AndroidManifest.xml:36:13-63
51            android:label="@string/app_name"
51-->src/main/AndroidManifest.xml:33:13-45
52            android:screenOrientation="landscape"
52-->src/main/AndroidManifest.xml:35:13-50
53            android:theme="@style/AppTheme.NoActionBar" >
53-->src/main/AndroidManifest.xml:34:13-56
54            <intent-filter>
54-->src/main/AndroidManifest.xml:37:13-41:29
55                <action android:name="android.intent.action.MAIN" />
55-->src/main/AndroidManifest.xml:38:17-69
55-->src/main/AndroidManifest.xml:38:25-66
56
57                <category android:name="android.intent.category.LAUNCHER" />
57-->src/main/AndroidManifest.xml:40:17-77
57-->src/main/AndroidManifest.xml:40:27-74
58            </intent-filter>
59        </activity>
60        <activity
60-->src/main/AndroidManifest.xml:44:9-50:20
61            android:name="uni.bronzina.junglechessar.LineChartActivity"
61-->src/main/AndroidManifest.xml:45:13-46
62            android:configChanges="orientation|keyboardHidden"
62-->src/main/AndroidManifest.xml:49:13-63
63            android:label="@string/app_name"
63-->src/main/AndroidManifest.xml:46:13-45
64            android:screenOrientation="landscape"
64-->src/main/AndroidManifest.xml:48:13-50
65            android:theme="@style/AppTheme.NoActionBar" >
65-->src/main/AndroidManifest.xml:47:13-56
66        </activity>
67        <activity
67-->src/main/AndroidManifest.xml:52:9-58:20
68            android:name="uni.bronzina.junglechessar.JitterActivity"
68-->src/main/AndroidManifest.xml:53:13-43
69            android:configChanges="orientation|keyboardHidden"
69-->src/main/AndroidManifest.xml:57:13-63
70            android:label="@string/app_name"
70-->src/main/AndroidManifest.xml:54:13-45
71            android:screenOrientation="landscape"
71-->src/main/AndroidManifest.xml:56:13-50
72            android:theme="@style/AppTheme.NoActionBar" >
72-->src/main/AndroidManifest.xml:55:13-56
73        </activity>
74
75        <provider
76            android:name="androidx.core.content.FileProvider"
76-->src/main/AndroidManifest.xml:61:13-62
77            android:authorities="uni.bronzina.junglechessar.ar.codelab.name.provider"
77-->src/main/AndroidManifest.xml:62:13-76
78            android:exported="false"
78-->src/main/AndroidManifest.xml:63:13-37
79            android:grantUriPermissions="true" >
79-->src/main/AndroidManifest.xml:64:13-47
80            <meta-data
80-->src/main/AndroidManifest.xml:65:13-67:49
81                android:name="android.support.FILE_PROVIDER_PATHS"
81-->src/main/AndroidManifest.xml:66:17-67
82                android:resource="@xml/paths" />
82-->src/main/AndroidManifest.xml:67:17-46
83        </provider>
84        <!-- The minimal version code of ARCore APK required for an app using this SDK. -->
85        <meta-data
85-->[com.google.ar:core:1.25.0] AndroidManifest.xml:36:9-38:41
86            android:name="com.google.ar.core.min_apk_version"
86-->[com.google.ar:core:1.25.0] AndroidManifest.xml:37:13-62
87            android:value="210910000" /> <!-- This activity is critical for installing ARCore when it is not already present. -->
87-->[com.google.ar:core:1.25.0] AndroidManifest.xml:38:13-38
88        <activity
88-->[com.google.ar:core:1.25.0] AndroidManifest.xml:40:9-46:80
89            android:name="com.google.ar.core.InstallActivity"
89-->[com.google.ar:core:1.25.0] AndroidManifest.xml:41:13-62
90            android:configChanges="keyboardHidden|orientation|screenSize"
90-->[com.google.ar:core:1.25.0] AndroidManifest.xml:42:13-74
91            android:excludeFromRecents="true"
91-->[com.google.ar:core:1.25.0] AndroidManifest.xml:43:13-46
92            android:exported="false"
92-->[com.google.ar:core:1.25.0] AndroidManifest.xml:44:13-37
93            android:launchMode="singleTop"
93-->[com.google.ar:core:1.25.0] AndroidManifest.xml:45:13-43
94            android:theme="@android:style/Theme.Material.Light.Dialog.Alert" />
94-->[com.google.ar:core:1.25.0] AndroidManifest.xml:46:13-77
95
96        <meta-data
96-->[com.firebaseui:firebase-ui-auth:3.3.1] AndroidManifest.xml:16:9-18:69
97            android:name="com.google.android.gms.version"
97-->[com.firebaseui:firebase-ui-auth:3.3.1] AndroidManifest.xml:17:13-58
98            android:value="@integer/google_play_services_version" />
98-->[com.firebaseui:firebase-ui-auth:3.3.1] AndroidManifest.xml:18:13-66
99        <meta-data
99-->[com.firebaseui:firebase-ui-auth:3.3.1] AndroidManifest.xml:19:9-21:63
100            android:name="com.facebook.sdk.ApplicationId"
100-->[com.firebaseui:firebase-ui-auth:3.3.1] AndroidManifest.xml:20:13-58
101            android:value="@string/facebook_application_id" />
101-->[com.firebaseui:firebase-ui-auth:3.3.1] AndroidManifest.xml:21:13-60
102
103        <activity
103-->[com.firebaseui:firebase-ui-auth:3.3.1] AndroidManifest.xml:23:9-27:61
104            android:name="com.firebase.ui.auth.KickoffActivity"
104-->[com.firebaseui:firebase-ui-auth:3.3.1] AndroidManifest.xml:24:13-64
105            android:exported="false"
105-->[com.firebaseui:firebase-ui-auth:3.3.1] AndroidManifest.xml:25:13-37
106            android:label=""
106-->[com.firebaseui:firebase-ui-auth:3.3.1] AndroidManifest.xml:26:13-29
107            android:theme="@style/FirebaseUI.Transparent" />
107-->[com.firebaseui:firebase-ui-auth:3.3.1] AndroidManifest.xml:27:13-58
108        <activity
108-->[com.firebaseui:firebase-ui-auth:3.3.1] AndroidManifest.xml:28:9-32:61
109            android:name="com.firebase.ui.auth.ui.idp.SingleSignInActivity"
109-->[com.firebaseui:firebase-ui-auth:3.3.1] AndroidManifest.xml:29:13-76
110            android:exported="false"
110-->[com.firebaseui:firebase-ui-auth:3.3.1] AndroidManifest.xml:30:13-37
111            android:label=""
111-->[com.firebaseui:firebase-ui-auth:3.3.1] AndroidManifest.xml:31:13-29
112            android:theme="@style/FirebaseUI.Transparent" />
112-->[com.firebaseui:firebase-ui-auth:3.3.1] AndroidManifest.xml:32:13-58
113        <activity
113-->[com.firebaseui:firebase-ui-auth:3.3.1] AndroidManifest.xml:33:9-37:58
114            android:name="com.firebase.ui.auth.ui.email.RecoverPasswordActivity"
114-->[com.firebaseui:firebase-ui-auth:3.3.1] AndroidManifest.xml:34:13-81
115            android:exported="false"
115-->[com.firebaseui:firebase-ui-auth:3.3.1] AndroidManifest.xml:35:13-37
116            android:label="@string/fui_title_recover_password_activity"
116-->[com.firebaseui:firebase-ui-auth:3.3.1] AndroidManifest.xml:36:13-72
117            android:windowSoftInputMode="adjustResize" />
117-->[com.firebaseui:firebase-ui-auth:3.3.1] AndroidManifest.xml:37:13-55
118        <activity
118-->[com.firebaseui:firebase-ui-auth:3.3.1] AndroidManifest.xml:38:9-42:58
119            android:name="com.firebase.ui.auth.ui.email.EmailActivity"
119-->[com.firebaseui:firebase-ui-auth:3.3.1] AndroidManifest.xml:39:13-71
120            android:exported="false"
120-->[com.firebaseui:firebase-ui-auth:3.3.1] AndroidManifest.xml:40:13-37
121            android:label="@string/fui_sign_in_default"
121-->[com.firebaseui:firebase-ui-auth:3.3.1] AndroidManifest.xml:41:13-56
122            android:windowSoftInputMode="adjustResize" />
122-->[com.firebaseui:firebase-ui-auth:3.3.1] AndroidManifest.xml:42:13-55
123        <activity
123-->[com.firebaseui:firebase-ui-auth:3.3.1] AndroidManifest.xml:43:9-47:77
124            android:name="com.firebase.ui.auth.ui.phone.PhoneActivity"
124-->[com.firebaseui:firebase-ui-auth:3.3.1] AndroidManifest.xml:44:13-71
125            android:exported="false"
125-->[com.firebaseui:firebase-ui-auth:3.3.1] AndroidManifest.xml:45:13-37
126            android:label="@string/fui_sign_in_with_phone_number"
126-->[com.firebaseui:firebase-ui-auth:3.3.1] AndroidManifest.xml:46:13-66
127            android:windowSoftInputMode="adjustResize|stateAlwaysVisible" />
127-->[com.firebaseui:firebase-ui-auth:3.3.1] AndroidManifest.xml:47:13-74
128        <activity
128-->[com.firebaseui:firebase-ui-auth:3.3.1] AndroidManifest.xml:48:9-52:58
129            android:name="com.firebase.ui.auth.ui.idp.WelcomeBackIdpPrompt"
129-->[com.firebaseui:firebase-ui-auth:3.3.1] AndroidManifest.xml:49:13-76
130            android:exported="false"
130-->[com.firebaseui:firebase-ui-auth:3.3.1] AndroidManifest.xml:50:13-37
131            android:label="@string/fui_title_welcome_back_idp_prompt"
131-->[com.firebaseui:firebase-ui-auth:3.3.1] AndroidManifest.xml:51:13-70
132            android:windowSoftInputMode="adjustResize" />
132-->[com.firebaseui:firebase-ui-auth:3.3.1] AndroidManifest.xml:52:13-55
133        <activity
133-->[com.firebaseui:firebase-ui-auth:3.3.1] AndroidManifest.xml:53:9-57:58
134            android:name="com.firebase.ui.auth.ui.email.WelcomeBackPasswordPrompt"
134-->[com.firebaseui:firebase-ui-auth:3.3.1] AndroidManifest.xml:54:13-83
135            android:exported="false"
135-->[com.firebaseui:firebase-ui-auth:3.3.1] AndroidManifest.xml:55:13-37
136            android:label="@string/fui_title_welcome_back_password_prompt"
136-->[com.firebaseui:firebase-ui-auth:3.3.1] AndroidManifest.xml:56:13-75
137            android:windowSoftInputMode="adjustResize" />
137-->[com.firebaseui:firebase-ui-auth:3.3.1] AndroidManifest.xml:57:13-55
138        <activity
138-->[com.firebaseui:firebase-ui-auth:3.3.1] AndroidManifest.xml:58:9-61:65
139            android:name="com.firebase.ui.auth.ui.idp.AuthMethodPickerActivity"
139-->[com.firebaseui:firebase-ui-auth:3.3.1] AndroidManifest.xml:59:13-80
140            android:exported="false"
140-->[com.firebaseui:firebase-ui-auth:3.3.1] AndroidManifest.xml:60:13-37
141            android:label="@string/fui_default_toolbar_title" />
141-->[com.firebaseui:firebase-ui-auth:3.3.1] AndroidManifest.xml:61:13-62
142        <activity
142-->[com.firebaseui:firebase-ui-auth:3.3.1] AndroidManifest.xml:62:9-66:48
143            android:name="com.facebook.FacebookActivity"
143-->[com.firebaseui:firebase-ui-auth:3.3.1] AndroidManifest.xml:63:13-57
144            android:configChanges="keyboard|keyboardHidden|screenLayout|screenSize|orientation"
144-->[com.firebaseui:firebase-ui-auth:3.3.1] AndroidManifest.xml:64:13-96
145            android:label="@string/app_name" />
145-->[com.firebaseui:firebase-ui-auth:3.3.1] AndroidManifest.xml:65:13-45
146        <activity
146-->[com.firebaseui:firebase-ui-auth:3.3.1] AndroidManifest.xml:67:9-71:61
147            android:name="com.firebase.ui.auth.ui.credentials.CredentialSaveActivity"
147-->[com.firebaseui:firebase-ui-auth:3.3.1] AndroidManifest.xml:68:13-86
148            android:exported="false"
148-->[com.firebaseui:firebase-ui-auth:3.3.1] AndroidManifest.xml:69:13-37
149            android:label=""
149-->[com.firebaseui:firebase-ui-auth:3.3.1] AndroidManifest.xml:70:13-29
150            android:theme="@style/FirebaseUI.Transparent" />
150-->[com.firebaseui:firebase-ui-auth:3.3.1] AndroidManifest.xml:71:13-58
151        <activity
151-->[com.firebaseui:firebase-ui-auth:3.3.1] AndroidManifest.xml:72:9-84:20
152            android:name="com.facebook.CustomTabActivity"
152-->[com.firebaseui:firebase-ui-auth:3.3.1] AndroidManifest.xml:73:13-58
153            android:exported="true" >
153-->[com.firebaseui:firebase-ui-auth:3.3.1] AndroidManifest.xml:74:13-36
154            <intent-filter>
154-->[com.firebaseui:firebase-ui-auth:3.3.1] AndroidManifest.xml:76:13-83:29
155                <action android:name="android.intent.action.VIEW" />
155-->[com.firebaseui:firebase-ui-auth:3.3.1] AndroidManifest.xml:77:17-69
155-->[com.firebaseui:firebase-ui-auth:3.3.1] AndroidManifest.xml:77:25-66
156
157                <category android:name="android.intent.category.DEFAULT" />
157-->[com.firebaseui:firebase-ui-auth:3.3.1] AndroidManifest.xml:79:17-76
157-->[com.firebaseui:firebase-ui-auth:3.3.1] AndroidManifest.xml:79:27-73
158                <category android:name="android.intent.category.BROWSABLE" />
158-->[com.firebaseui:firebase-ui-auth:3.3.1] AndroidManifest.xml:80:17-78
158-->[com.firebaseui:firebase-ui-auth:3.3.1] AndroidManifest.xml:80:27-75
159
160                <data android:scheme="@string/facebook_login_protocol_scheme" />
160-->[com.firebaseui:firebase-ui-auth:3.3.1] AndroidManifest.xml:82:17-81
160-->[com.firebaseui:firebase-ui-auth:3.3.1] AndroidManifest.xml:82:23-78
161            </intent-filter>
162        </activity>
163
164        <provider
164-->[com.firebaseui:firebase-ui-auth:3.3.1] AndroidManifest.xml:86:9-90:38
165            android:name="com.firebase.ui.auth.data.client.AuthUiInitProvider"
165-->[com.firebaseui:firebase-ui-auth:3.3.1] AndroidManifest.xml:87:13-79
166            android:authorities="uni.bronzina.junglechessar.authuiinitprovider"
166-->[com.firebaseui:firebase-ui-auth:3.3.1] AndroidManifest.xml:88:13-70
167            android:exported="false"
167-->[com.firebaseui:firebase-ui-auth:3.3.1] AndroidManifest.xml:89:13-37
168            android:initOrder="90" />
168-->[com.firebaseui:firebase-ui-auth:3.3.1] AndroidManifest.xml:90:13-35
169        <provider
169-->[com.google.firebase:firebase-perf:20.0.2] AndroidManifest.xml:14:9-18:39
170            android:name="com.google.firebase.perf.provider.FirebasePerfProvider"
170-->[com.google.firebase:firebase-perf:20.0.2] AndroidManifest.xml:15:13-82
171            android:authorities="uni.bronzina.junglechessar.firebaseperfprovider"
171-->[com.google.firebase:firebase-perf:20.0.2] AndroidManifest.xml:16:13-72
172            android:exported="false"
172-->[com.google.firebase:firebase-perf:20.0.2] AndroidManifest.xml:17:13-37
173            android:initOrder="101" />
173-->[com.google.firebase:firebase-perf:20.0.2] AndroidManifest.xml:18:13-36
174
175        <service
175-->[com.google.firebase:firebase-perf:20.0.2] AndroidManifest.xml:20:9-26:19
176            android:name="com.google.firebase.components.ComponentDiscoveryService"
176-->[com.google.firebase:firebase-perf:20.0.2] AndroidManifest.xml:21:13-84
177            android:directBootAware="true"
177-->[com.google.firebase:firebase-common:20.0.0] AndroidManifest.xml:35:13-43
178            android:exported="false" >
178-->[com.google.firebase:firebase-perf:20.0.2] AndroidManifest.xml:22:13-37
179            <meta-data
179-->[com.google.firebase:firebase-perf:20.0.2] AndroidManifest.xml:23:13-25:85
180                android:name="com.google.firebase.components:com.google.firebase.perf.FirebasePerfRegistrar"
180-->[com.google.firebase:firebase-perf:20.0.2] AndroidManifest.xml:24:17-109
181                android:value="com.google.firebase.components.ComponentRegistrar" />
181-->[com.google.firebase:firebase-perf:20.0.2] AndroidManifest.xml:25:17-82
182            <meta-data
182-->[com.google.firebase:firebase-auth:21.0.1] AndroidManifest.xml:77:13-79:85
183                android:name="com.google.firebase.components:com.google.firebase.auth.FirebaseAuthRegistrar"
183-->[com.google.firebase:firebase-auth:21.0.1] AndroidManifest.xml:78:17-109
184                android:value="com.google.firebase.components.ComponentRegistrar" />
184-->[com.google.firebase:firebase-auth:21.0.1] AndroidManifest.xml:79:17-82
185            <meta-data
185-->[com.google.firebase:firebase-database:20.0.1] AndroidManifest.xml:32:13-34:85
186                android:name="com.google.firebase.components:com.google.firebase.database.DatabaseRegistrar"
186-->[com.google.firebase:firebase-database:20.0.1] AndroidManifest.xml:33:17-109
187                android:value="com.google.firebase.components.ComponentRegistrar" />
187-->[com.google.firebase:firebase-database:20.0.1] AndroidManifest.xml:34:17-82
188            <meta-data
188-->[com.google.firebase:firebase-datatransport:18.0.0] AndroidManifest.xml:28:13-30:85
189                android:name="com.google.firebase.components:com.google.firebase.datatransport.TransportRegistrar"
189-->[com.google.firebase:firebase-datatransport:18.0.0] AndroidManifest.xml:29:17-115
190                android:value="com.google.firebase.components.ComponentRegistrar" />
190-->[com.google.firebase:firebase-datatransport:18.0.0] AndroidManifest.xml:30:17-82
191            <meta-data
191-->[com.google.firebase:firebase-config:21.0.1] AndroidManifest.xml:32:13-34:85
192                android:name="com.google.firebase.components:com.google.firebase.remoteconfig.RemoteConfigRegistrar"
192-->[com.google.firebase:firebase-config:21.0.1] AndroidManifest.xml:33:17-117
193                android:value="com.google.firebase.components.ComponentRegistrar" />
193-->[com.google.firebase:firebase-config:21.0.1] AndroidManifest.xml:34:17-82
194            <meta-data
194-->[com.google.firebase:firebase-installations:17.0.0] AndroidManifest.xml:18:13-20:85
195                android:name="com.google.firebase.components:com.google.firebase.installations.FirebaseInstallationsRegistrar"
195-->[com.google.firebase:firebase-installations:17.0.0] AndroidManifest.xml:19:17-127
196                android:value="com.google.firebase.components.ComponentRegistrar" />
196-->[com.google.firebase:firebase-installations:17.0.0] AndroidManifest.xml:20:17-82
197            <meta-data
197-->[com.google.firebase:firebase-abt:21.0.0] AndroidManifest.xml:13:13-15:85
198                android:name="com.google.firebase.components:com.google.firebase.abt.component.AbtRegistrar"
198-->[com.google.firebase:firebase-abt:21.0.0] AndroidManifest.xml:14:17-109
199                android:value="com.google.firebase.components.ComponentRegistrar" />
199-->[com.google.firebase:firebase-abt:21.0.0] AndroidManifest.xml:15:17-82
200        </service>
201
202        <activity
202-->[com.google.firebase:firebase-auth:21.0.1] AndroidManifest.xml:27:9-44:20
203            android:name="com.google.firebase.auth.internal.GenericIdpActivity"
203-->[com.google.firebase:firebase-auth:21.0.1] AndroidManifest.xml:28:13-80
204            android:excludeFromRecents="true"
204-->[com.google.firebase:firebase-auth:21.0.1] AndroidManifest.xml:29:13-46
205            android:exported="true"
205-->[com.google.firebase:firebase-auth:21.0.1] AndroidManifest.xml:30:13-36
206            android:launchMode="singleTask"
206-->[com.google.firebase:firebase-auth:21.0.1] AndroidManifest.xml:31:13-44
207            android:theme="@android:style/Theme.Translucent.NoTitleBar" >
207-->[com.google.firebase:firebase-auth:21.0.1] AndroidManifest.xml:32:13-72
208            <intent-filter>
208-->[com.google.firebase:firebase-auth:21.0.1] AndroidManifest.xml:33:13-43:29
209                <action android:name="android.intent.action.VIEW" />
209-->[com.firebaseui:firebase-ui-auth:3.3.1] AndroidManifest.xml:77:17-69
209-->[com.firebaseui:firebase-ui-auth:3.3.1] AndroidManifest.xml:77:25-66
210
211                <category android:name="android.intent.category.DEFAULT" />
211-->[com.firebaseui:firebase-ui-auth:3.3.1] AndroidManifest.xml:79:17-76
211-->[com.firebaseui:firebase-ui-auth:3.3.1] AndroidManifest.xml:79:27-73
212                <category android:name="android.intent.category.BROWSABLE" />
212-->[com.firebaseui:firebase-ui-auth:3.3.1] AndroidManifest.xml:80:17-78
212-->[com.firebaseui:firebase-ui-auth:3.3.1] AndroidManifest.xml:80:27-75
213
214                <data
214-->[com.firebaseui:firebase-ui-auth:3.3.1] AndroidManifest.xml:82:17-81
215                    android:host="firebase.auth"
216                    android:path="/"
217                    android:scheme="genericidp" />
217-->[com.firebaseui:firebase-ui-auth:3.3.1] AndroidManifest.xml:82:23-78
218            </intent-filter>
219        </activity>
220        <activity
220-->[com.google.firebase:firebase-auth:21.0.1] AndroidManifest.xml:45:9-62:20
221            android:name="com.google.firebase.auth.internal.RecaptchaActivity"
221-->[com.google.firebase:firebase-auth:21.0.1] AndroidManifest.xml:46:13-79
222            android:excludeFromRecents="true"
222-->[com.google.firebase:firebase-auth:21.0.1] AndroidManifest.xml:47:13-46
223            android:exported="true"
223-->[com.google.firebase:firebase-auth:21.0.1] AndroidManifest.xml:48:13-36
224            android:launchMode="singleTask"
224-->[com.google.firebase:firebase-auth:21.0.1] AndroidManifest.xml:49:13-44
225            android:theme="@android:style/Theme.Translucent.NoTitleBar" >
225-->[com.google.firebase:firebase-auth:21.0.1] AndroidManifest.xml:50:13-72
226            <intent-filter>
226-->[com.google.firebase:firebase-auth:21.0.1] AndroidManifest.xml:51:13-61:29
227                <action android:name="android.intent.action.VIEW" />
227-->[com.firebaseui:firebase-ui-auth:3.3.1] AndroidManifest.xml:77:17-69
227-->[com.firebaseui:firebase-ui-auth:3.3.1] AndroidManifest.xml:77:25-66
228
229                <category android:name="android.intent.category.DEFAULT" />
229-->[com.firebaseui:firebase-ui-auth:3.3.1] AndroidManifest.xml:79:17-76
229-->[com.firebaseui:firebase-ui-auth:3.3.1] AndroidManifest.xml:79:27-73
230                <category android:name="android.intent.category.BROWSABLE" />
230-->[com.firebaseui:firebase-ui-auth:3.3.1] AndroidManifest.xml:80:17-78
230-->[com.firebaseui:firebase-ui-auth:3.3.1] AndroidManifest.xml:80:27-75
231
232                <data
232-->[com.firebaseui:firebase-ui-auth:3.3.1] AndroidManifest.xml:82:17-81
233                    android:host="firebase.auth"
234                    android:path="/"
235                    android:scheme="recaptcha" />
235-->[com.firebaseui:firebase-ui-auth:3.3.1] AndroidManifest.xml:82:23-78
236            </intent-filter>
237        </activity>
238
239        <service
239-->[com.google.firebase:firebase-auth:21.0.1] AndroidManifest.xml:64:9-73:19
240            android:name="com.google.firebase.auth.api.fallback.service.FirebaseAuthFallbackService"
240-->[com.google.firebase:firebase-auth:21.0.1] AndroidManifest.xml:65:13-101
241            android:enabled="true"
241-->[com.google.firebase:firebase-auth:21.0.1] AndroidManifest.xml:66:13-35
242            android:exported="false" >
242-->[com.google.firebase:firebase-auth:21.0.1] AndroidManifest.xml:67:13-37
243            <intent-filter>
243-->[com.google.firebase:firebase-auth:21.0.1] AndroidManifest.xml:68:13-72:29
244                <action android:name="com.google.firebase.auth.api.gms.service.START" />
244-->[com.google.firebase:firebase-auth:21.0.1] AndroidManifest.xml:69:17-89
244-->[com.google.firebase:firebase-auth:21.0.1] AndroidManifest.xml:69:25-86
245
246                <category android:name="android.intent.category.DEFAULT" />
246-->[com.firebaseui:firebase-ui-auth:3.3.1] AndroidManifest.xml:79:17-76
246-->[com.firebaseui:firebase-ui-auth:3.3.1] AndroidManifest.xml:79:27-73
247            </intent-filter>
248        </service> <!-- Start the Service if applicable on boot -->
249        <receiver android:name="com.instacart.library.truetime.BootCompletedBroadcastReceiver" >
249-->[com.github.instacart.truetime-android:library:3.4] AndroidManifest.xml:20:9-24:20
249-->[com.github.instacart.truetime-android:library:3.4] AndroidManifest.xml:20:19-95
250            <intent-filter>
250-->[com.github.instacart.truetime-android:library:3.4] AndroidManifest.xml:21:13-23:29
251                <action android:name="android.intent.action.BOOT_COMPLETED" />
251-->[com.github.instacart.truetime-android:library:3.4] AndroidManifest.xml:22:17-79
251-->[com.github.instacart.truetime-android:library:3.4] AndroidManifest.xml:22:25-76
252            </intent-filter>
253        </receiver>
254
255        <service
255-->[com.google.android.datatransport:transport-backend-cct:3.0.0] AndroidManifest.xml:29:9-35:19
256            android:name="com.google.android.datatransport.runtime.backends.TransportBackendDiscovery"
256-->[com.google.android.datatransport:transport-backend-cct:3.0.0] AndroidManifest.xml:30:13-103
257            android:exported="false" >
257-->[com.google.android.datatransport:transport-backend-cct:3.0.0] AndroidManifest.xml:31:13-37
258            <meta-data
258-->[com.google.android.datatransport:transport-backend-cct:3.0.0] AndroidManifest.xml:32:13-34:39
259                android:name="backend:com.google.android.datatransport.cct.CctBackendFactory"
259-->[com.google.android.datatransport:transport-backend-cct:3.0.0] AndroidManifest.xml:33:17-94
260                android:value="cct" />
260-->[com.google.android.datatransport:transport-backend-cct:3.0.0] AndroidManifest.xml:34:17-36
261        </service>
262
263        <provider
263-->[com.google.firebase:firebase-common:20.0.0] AndroidManifest.xml:26:9-31:39
264            android:name="com.google.firebase.provider.FirebaseInitProvider"
264-->[com.google.firebase:firebase-common:20.0.0] AndroidManifest.xml:27:13-77
265            android:authorities="uni.bronzina.junglechessar.firebaseinitprovider"
265-->[com.google.firebase:firebase-common:20.0.0] AndroidManifest.xml:28:13-72
266            android:directBootAware="true"
266-->[com.google.firebase:firebase-common:20.0.0] AndroidManifest.xml:29:13-43
267            android:exported="false"
267-->[com.google.firebase:firebase-common:20.0.0] AndroidManifest.xml:30:13-37
268            android:initOrder="100" />
268-->[com.google.firebase:firebase-common:20.0.0] AndroidManifest.xml:31:13-36
269
270        <activity
270-->[com.google.android.gms:play-services-auth:15.0.0] AndroidManifest.xml:23:9-27:75
271            android:name="com.google.android.gms.auth.api.signin.internal.SignInHubActivity"
271-->[com.google.android.gms:play-services-auth:15.0.0] AndroidManifest.xml:24:13-93
272            android:excludeFromRecents="true"
272-->[com.google.android.gms:play-services-auth:15.0.0] AndroidManifest.xml:25:13-46
273            android:exported="false"
273-->[com.google.android.gms:play-services-auth:15.0.0] AndroidManifest.xml:26:13-37
274            android:theme="@android:style/Theme.Translucent.NoTitleBar" />
274-->[com.google.android.gms:play-services-auth:15.0.0] AndroidManifest.xml:27:13-72
275        <!--
276            Service handling Google Sign-In user revocation. For apps that do not integrate with
277            Google Sign-In, this service will never be started.